

*******************************************************************************
Tue May 14 17:41:24 2024


FIT:    data read from 'fireballs.dat' using (bin($1,binwidth)):(0.2)
        format = x:z
        #datapoints = 976
        residuals are weighted equally (unit weight)

function used for fitting: f(x)
	f(x) = A*exp(-((x-u)/r)**2/2)
fitted parameters initialized with current variable values

iter      chisq       delta/lim  lambda   A             u             r            
   0 2.6782403498e+06   0.00e+00  1.76e+02    4.000000e+02   2.000000e+02   1.000000e+02
BREAK: Singular matrix in Invert_RtR

*******************************************************************************
Tue May 14 17:48:25 2024


FIT:    data read from 'fireballs.dat' using (bin($1,binwidth)):(1.0)
        format = x:z
        #datapoints = 976
        residuals are weighted equally (unit weight)

function used for fitting: f(x)
	f(x) = A*exp(-((x-u)/r)**2/2)
fitted parameters initialized with current variable values

iter      chisq       delta/lim  lambda   A             u             r            
   0 1.2061532423e+05   0.00e+00  4.16e+01    1.000000e+02   5.000000e+01   2.500000e+01
BREAK: Singular matrix in Invert_RtR

*******************************************************************************
Tue May 14 18:06:21 2024


FIT:    data read from 'fireballs.dat' using (bin($1,binwidth)):(1.0)
        format = x:z
        #datapoints = 976
        residuals are weighted equally (unit weight)

function used for fitting: f(x)
	f(x) = A*exp(-((x-u)/r)**2/2)
fitted parameters initialized with current variable values

iter      chisq       delta/lim  lambda   A             u             r            
   0 1.2061532423e+05   0.00e+00  4.16e+01    1.000000e+02   5.000000e+01   2.500000e+01
BREAK: Singular matrix in Invert_RtR

*******************************************************************************
Tue May 14 18:07:08 2024


FIT:    data read from 'fireballs.dat'
        format = z
        #datapoints = 976
        residuals are weighted equally (unit weight)

function used for fitting: f(x)
	f(x) = A*exp(-((x-u)/r)**2/2)
fitted parameters initialized with current variable values

iter      chisq       delta/lim  lambda   A             u             r            
   0 4.6320228139e+05   0.00e+00  2.35e+01    1.000000e+02   5.000000e+01   2.500000e+01
  35 1.2518003723e+03  -9.53e-01  2.35e-03   -1.670066e+00  -1.576765e+03   3.269424e+03

After 35 iterations the fit converged.
final sum of squares of residuals : 1251.8
rel. change during last iteration : -9.53196e-06

degrees of freedom    (FIT_NDF)                        : 973
rms of residuals      (FIT_STDFIT) = sqrt(WSSR/ndf)    : 1.13426
variance of residuals (reduced chisquare) = WSSR/ndf   : 1.28654

Final set of parameters            Asymptotic Standard Error
=======================            ==========================
A               = -1.67007         +/- 2.615        (156.6%)
u               = -1576.76         +/- 1.651e+04    (1047%)
r               = 3269.42          +/- 1.314e+04    (401.9%)

correlation matrix of the fit parameters:
                A      u      r      
A               1.000 
u               0.998  1.000 
r              -0.992 -0.998  1.000 


*******************************************************************************
Tue May 14 18:07:31 2024


FIT:    data read from 'fireballs.dat'
        format = z
        #datapoints = 976
        residuals are weighted equally (unit weight)

function used for fitting: f(x)
	f(x) = A*exp(-((x-u)/r)**2/2)
fitted parameters initialized with current variable values

iter      chisq       delta/lim  lambda   A             u             r            
   0 2.8577851914e+07   0.00e+00  1.88e+02    4.000000e+02   2.000000e+02   1.000000e+02
   9 1.2518791926e+03  -7.41e-01  1.88e-02   -1.601164e+00  -1.120448e+03   2.876486e+03

After 9 iterations the fit converged.
final sum of squares of residuals : 1251.88
rel. change during last iteration : -7.4063e-06

degrees of freedom    (FIT_NDF)                        : 973
rms of residuals      (FIT_STDFIT) = sqrt(WSSR/ndf)    : 1.13429
variance of residuals (reduced chisquare) = WSSR/ndf   : 1.28662

Final set of parameters            Asymptotic Standard Error
=======================            ==========================
A               = -1.60116         +/- 1.507        (94.1%)
u               = -1120.45         +/- 9959         (888.9%)
r               = 2876.49          +/- 8958         (311.4%)

correlation matrix of the fit parameters:
                A      u      r      
A               1.000 
u               0.996  1.000 
r              -0.987 -0.997  1.000 


*******************************************************************************
Tue May 14 18:28:03 2024


FIT:    data read from 'fireballs.dat' u (bin($1,binwidth)):(1.0)
        format = x:z
        #datapoints = 976
        residuals are weighted equally (unit weight)

function used for fitting: f(x)
	f(x) = A*exp(-((x-u)/r)**2/2)
BREAK: Need via and either parameter list or file

*******************************************************************************
Tue May 14 18:30:13 2024


FIT:    data read from 'fireballs.dat'
        format = z
        #datapoints = 976
        residuals are weighted equally (unit weight)

function used for fitting: f(x)
	f(x) = A*exp(-((x-u)/r)**2/2)
fitted parameters initialized with current variable values

iter      chisq       delta/lim  lambda   A             u             r            
   0 2.8577851914e+07   0.00e+00  1.88e+02    4.000000e+02   2.000000e+02   1.000000e+02
   9 1.2518791926e+03  -7.41e-01  1.88e-02   -1.601164e+00  -1.120448e+03   2.876486e+03

After 9 iterations the fit converged.
final sum of squares of residuals : 1251.88
rel. change during last iteration : -7.4063e-06

degrees of freedom    (FIT_NDF)                        : 973
rms of residuals      (FIT_STDFIT) = sqrt(WSSR/ndf)    : 1.13429
variance of residuals (reduced chisquare) = WSSR/ndf   : 1.28662

Final set of parameters            Asymptotic Standard Error
=======================            ==========================
A               = -1.60116         +/- 1.507        (94.1%)
u               = -1120.45         +/- 9959         (888.9%)
r               = 2876.49          +/- 8958         (311.4%)

correlation matrix of the fit parameters:
                A      u      r      
A               1.000 
u               0.996  1.000 
r              -0.987 -0.997  1.000 


*******************************************************************************
Tue May 14 18:30:36 2024


FIT:    data read from 'fireballs.dat' using (bin($1,binwidth)):(1.0)
        format = x:z
        #datapoints = 976
        residuals are weighted equally (unit weight)

function used for fitting: f(x)
	f(x) = A*exp(-((x-u)/r)**2/2)
BREAK: Need via and either parameter list or file

*******************************************************************************
Tue May 14 18:46:50 2024


FIT:    data read from 'fireballs.dat'
        format = z
        #datapoints = 976
        residuals are weighted equally (unit weight)

function used for fitting: f(x)
	f(x) = a/(sigma*sqrt(2.*pi))*exp(-(x-mu)**2./(2.*sigma**2))
fitted parameters initialized with current variable values



*******************************************************************************
Tue May 14 19:04:25 2024


FIT:    data read from 'fireballs.dat'
        format = z
        #datapoints = 976
        residuals are weighted equally (unit weight)

function used for fitting: f(x)
	f(x) = A*exp(-((x-u)/r)**2/2)
fitted parameters initialized with current variable values

iter      chisq       delta/lim  lambda   A             u             r            
   0 1.1330280841e+05   0.00e+00  8.07e+00    5.000000e+01   2.500000e+01   2.500000e+01
  26 1.2517543329e+03  -9.27e-01  8.07e-03   -1.572916e+01  -2.088858e+04   9.663333e+03

After 26 iterations the fit converged.
final sum of squares of residuals : 1251.75
rel. change during last iteration : -9.27315e-06

degrees of freedom    (FIT_NDF)                        : 973
rms of residuals      (FIT_STDFIT) = sqrt(WSSR/ndf)    : 1.13424
variance of residuals (reduced chisquare) = WSSR/ndf   : 1.28649

Final set of parameters            Asymptotic Standard Error
=======================            ==========================
A               = -15.7292         +/- 2680         (1.704e+04%)
u               = -20888.6         +/- 1.485e+06    (7108%)
r               = 9663.33          +/- 3.331e+05    (3447%)

correlation matrix of the fit parameters:
                A      u      r      
A               1.000 
u               1.000  1.000 
r              -1.000 -1.000  1.000 


*******************************************************************************
Tue May 14 19:04:54 2024


FIT:    data read from 'fireballs.dat' using (bin($1,binwidth)):(1.0)
        format = x:z
        #datapoints = 976
        residuals are weighted equally (unit weight)

function used for fitting: f(x)
	f(x) = A*exp(-((x-u)/r)**2/2)
fitted parameters initialized with current variable values

iter      chisq       delta/lim  lambda   A             u             r            
   0 7.4245347096e+05   0.00e+00  3.03e+01    5.000000e+01   2.500000e+01   2.500000e+01
BREAK: Singular matrix in Invert_RtR

*******************************************************************************
Tue May 14 19:06:49 2024


FIT:    data read from 'fireballs.dat' using (bin($1,binwidth)):(1.0)
        format = x:z
        #datapoints = 976
        residuals are weighted equally (unit weight)

function used for fitting: f(x)
	f(x) = a*exp(-((x-u)/r)**2/2)
fitted parameters initialized with current variable values

iter      chisq       delta/lim  lambda   a             u             r            
   0 7.4245347096e+05   0.00e+00  3.03e+01    5.000000e+01   2.500000e+01   2.500000e+01
BREAK: Singular matrix in Invert_RtR

*******************************************************************************
Tue May 14 19:11:06 2024


FIT:    data read from 'fireballs.dat'
        format = z
        #datapoints = 976
        residuals are weighted equally (unit weight)

function used for fitting: f(x)
	f(x) = a*exp(-((x-u)/r)**2/2)
fitted parameters initialized with current variable values

iter      chisq       delta/lim  lambda   a             u             r            
   0 1.1330280841e+05   0.00e+00  8.07e+00    5.000000e+01   2.500000e+01   2.500000e+01
  26 1.2517543329e+03  -9.27e-01  8.07e-03   -1.572916e+01  -2.088858e+04   9.663333e+03

After 26 iterations the fit converged.
final sum of squares of residuals : 1251.75
rel. change during last iteration : -9.27315e-06

degrees of freedom    (FIT_NDF)                        : 973
rms of residuals      (FIT_STDFIT) = sqrt(WSSR/ndf)    : 1.13424
variance of residuals (reduced chisquare) = WSSR/ndf   : 1.28649

Final set of parameters            Asymptotic Standard Error
=======================            ==========================
a               = -15.7292         +/- 2680         (1.704e+04%)
u               = -20888.6         +/- 1.485e+06    (7108%)
r               = 9663.33          +/- 3.331e+05    (3447%)

correlation matrix of the fit parameters:
                a      u      r      
a               1.000 
u               1.000  1.000 
r              -1.000 -1.000  1.000 


*******************************************************************************
Tue May 14 19:11:33 2024


FIT:    data read from 'fireballs.dat'
        format = z
        #datapoints = 976
        residuals are weighted equally (unit weight)

function used for fitting: f(x)
	f(x) = a*exp(-((x-u)/r)**2/2)
fitted parameters initialized with current variable values

iter      chisq       delta/lim  lambda   a             u             r            
   0 2.8577851914e+07   0.00e+00  1.88e+02    4.000000e+02   2.000000e+02   1.000000e+02
   9 1.2518791926e+03  -7.41e-01  1.88e-02   -1.601164e+00  -1.120448e+03   2.876486e+03

After 9 iterations the fit converged.
final sum of squares of residuals : 1251.88
rel. change during last iteration : -7.4063e-06

degrees of freedom    (FIT_NDF)                        : 973
rms of residuals      (FIT_STDFIT) = sqrt(WSSR/ndf)    : 1.13429
variance of residuals (reduced chisquare) = WSSR/ndf   : 1.28662

Final set of parameters            Asymptotic Standard Error
=======================            ==========================
a               = -1.60116         +/- 1.507        (94.1%)
u               = -1120.45         +/- 9959         (888.9%)
r               = 2876.49          +/- 8958         (311.4%)

correlation matrix of the fit parameters:
                a      u      r      
a               1.000 
u               0.996  1.000 
r              -0.987 -0.997  1.000 


*******************************************************************************
Fri May 17 22:48:40 2024


FIT:    data read from 'hist.txt'
        format = z
        #datapoints = 32
        residuals are weighted equally (unit weight)

function used for fitting: f(x)
	f(x) = a*exp(-((x-u)/r)**2/2)
fitted parameters initialized with current variable values

iter      chisq       delta/lim  lambda   a             u             r            
   0 6.2107093315e+04   0.00e+00  1.80e+02    4.000000e+02   2.000000e+02   1.000000e+02
 244 3.9423233780e+04  -3.11e-01  1.80e+00    2.866288e+01  -3.885802e+01   2.766433e+02

After 244 iterations the fit converged.
final sum of squares of residuals : 39423.2
rel. change during last iteration : -3.10902e-06

degrees of freedom    (FIT_NDF)                        : 29
rms of residuals      (FIT_STDFIT) = sqrt(WSSR/ndf)    : 36.8703
variance of residuals (reduced chisquare) = WSSR/ndf   : 1359.42

Final set of parameters            Asymptotic Standard Error
=======================            ==========================
a               = 28.6629          +/- 1915         (6682%)
u               = -38.858          +/- 2.573e+05    (6.621e+05%)
r               = 276.643          +/- 8.957e+05    (3.238e+05%)

correlation matrix of the fit parameters:
                a      u      r      
a               1.000 
u              -0.999  1.000 
r               0.998 -0.999  1.000 


*******************************************************************************
Fri May 17 22:49:34 2024


FIT:    data read from 'hist.txt'
        format = z
        #datapoints = 32
        residuals are weighted equally (unit weight)

function used for fitting: f(x)
	f(x) = a*exp(-((x-u)/r)**2/2)
fitted parameters initialized with current variable values

iter      chisq       delta/lim  lambda   a             u             r            
   0 5.2143834364e+04   0.00e+00  4.61e+01    1.000000e+02   5.000000e+01   2.500000e+01
  30 6.3702005429e+03  -1.28e-01  4.61e-04    8.673410e+01  -2.227663e+00   1.194876e+00

After 30 iterations the fit converged.
final sum of squares of residuals : 6370.2
rel. change during last iteration : -1.28191e-06

degrees of freedom    (FIT_NDF)                        : 29
rms of residuals      (FIT_STDFIT) = sqrt(WSSR/ndf)    : 14.821
variance of residuals (reduced chisquare) = WSSR/ndf   : 219.662

Final set of parameters            Asymptotic Standard Error
=======================            ==========================
a               = 86.7341          +/- 5.959        (6.87%)
u               = -2.22766         +/- 0.2164       (9.714%)
r               = 1.19488          +/- 0.1926       (16.12%)

correlation matrix of the fit parameters:
                a      u      r      
a               1.000 
u              -0.038  1.000 
r              -0.281 -0.790  1.000 


*******************************************************************************
Fri May 17 22:50:02 2024


FIT:    data read from 'hist.txt'
        format = z
        #datapoints = 32
        residuals are weighted equally (unit weight)

function used for fitting: f(x)
	f(x) = a*exp(-((x-u)/r)**2/2)
fitted parameters initialized with current variable values

iter      chisq       delta/lim  lambda   a             u             r            
   0 4.3973237678e+04   0.00e+00  3.03e+01    5.000000e+01   2.500000e+01   2.500000e+01
 127 6.3702007244e+03  -1.59e-01  3.03e-04    8.673356e+01  -2.227670e+00  -1.194903e+00

After 127 iterations the fit converged.
final sum of squares of residuals : 6370.2
rel. change during last iteration : -1.58793e-06

degrees of freedom    (FIT_NDF)                        : 29
rms of residuals      (FIT_STDFIT) = sqrt(WSSR/ndf)    : 14.821
variance of residuals (reduced chisquare) = WSSR/ndf   : 219.662

Final set of parameters            Asymptotic Standard Error
=======================            ==========================
a               = 86.7336          +/- 5.959        (6.87%)
u               = -2.22767         +/- 0.2164       (9.715%)
r               = -1.1949          +/- 0.1926       (16.12%)

correlation matrix of the fit parameters:
                a      u      r      
a               1.000 
u              -0.038  1.000 
r               0.281  0.790  1.000 


*******************************************************************************
Fri May 17 22:51:16 2024


FIT:    data read from 'hist.txt'
        format = z
        #datapoints = 32
        residuals are weighted equally (unit weight)

function used for fitting: f(x)
	f(x) = a/(sigma*sqrt(2*pi)) * exp( -(x-mu)**2 / (2*sigma**2) )
fitted parameters initialized with current variable values

iter      chisq       delta/lim  lambda   a             mu            sigma        
   0 6.7202811151e+04   0.00e+00  8.98e+00    5.000000e+01   1.000000e+00   1.000000e+00
  14 6.3702002675e+03  -8.29e-02  8.98e-08    2.597718e+02  -2.227653e+00   1.194833e+00

After 14 iterations the fit converged.
final sum of squares of residuals : 6370.2
rel. change during last iteration : -8.29131e-07

degrees of freedom    (FIT_NDF)                        : 29
rms of residuals      (FIT_STDFIT) = sqrt(WSSR/ndf)    : 14.821
variance of residuals (reduced chisquare) = WSSR/ndf   : 219.662

Final set of parameters            Asymptotic Standard Error
=======================            ==========================
a               = 259.772          +/- 40.64        (15.64%)
mu              = -2.22765         +/- 0.2164       (9.714%)
sigma           = 1.19483          +/- 0.1928       (16.13%)

correlation matrix of the fit parameters:
                a      mu     sigma  
a               1.000 
mu             -0.830  1.000 
sigma           0.907 -0.790  1.000 


*******************************************************************************
Fri May 17 22:51:47 2024


FIT:    data read from 'hist.txt'
        format = z
        #datapoints = 32
        residuals are weighted equally (unit weight)

function used for fitting: f(x)
	f(x) = a/(sigma*sqrt(2*pi)) * exp( -(x-mu)**2 / (2*sigma**2) )
fitted parameters initialized with current variable values

iter      chisq       delta/lim  lambda   a             mu            sigma        
   0 4.7275930049e+04   0.00e+00  8.52e+00    5.000000e+01  -2.227653e+00   1.194833e+00
   7 6.3702008463e+03  -1.17e-01  8.52e-06    2.597962e+02  -2.227794e+00   1.194949e+00

After 7 iterations the fit converged.
final sum of squares of residuals : 6370.2
rel. change during last iteration : -1.16853e-06

degrees of freedom    (FIT_NDF)                        : 29
rms of residuals      (FIT_STDFIT) = sqrt(WSSR/ndf)    : 14.821
variance of residuals (reduced chisquare) = WSSR/ndf   : 219.662

Final set of parameters            Asymptotic Standard Error
=======================            ==========================
a               = 259.796          +/- 40.65        (15.65%)
mu              = -2.22779         +/- 0.2165       (9.716%)
sigma           = 1.19495          +/- 0.1928       (16.13%)

correlation matrix of the fit parameters:
                a      mu     sigma  
a               1.000 
mu             -0.830  1.000 
sigma           0.907 -0.790  1.000 


*******************************************************************************
Fri May 17 22:52:14 2024


FIT:    data read from 'hist.txt'
        format = z
        #datapoints = 32
        residuals are weighted equally (unit weight)

function used for fitting: f(x)
	f(x) = a*exp(-((x-u)/r)**2/2)
fitted parameters initialized with current variable values

iter      chisq       delta/lim  lambda   a             u             r            
   0 6.2427044878e+04   0.00e+00  1.69e+01    3.000000e+01   3.000000e+00   3.000000e+00
  23 6.3702006047e+03  -8.22e-02  1.69e-05    8.673515e+01  -2.227757e+00   1.194908e+00

After 23 iterations the fit converged.
final sum of squares of residuals : 6370.2
rel. change during last iteration : -8.22151e-07

degrees of freedom    (FIT_NDF)                        : 29
rms of residuals      (FIT_STDFIT) = sqrt(WSSR/ndf)    : 14.821
variance of residuals (reduced chisquare) = WSSR/ndf   : 219.662

Final set of parameters            Asymptotic Standard Error
=======================            ==========================
a               = 86.7351          +/- 5.959        (6.87%)
u               = -2.22776         +/- 0.2164       (9.715%)
r               = 1.19491          +/- 0.1926       (16.12%)

correlation matrix of the fit parameters:
                a      u      r      
a               1.000 
u              -0.038  1.000 
r              -0.281 -0.790  1.000 


*******************************************************************************
Fri May 17 22:53:05 2024


FIT:    data read from 'hist.txt'
        format = z
        x range restricted to [-6.00000 : 6.00000]
        #datapoints = 32
        residuals are weighted equally (unit weight)

function used for fitting: f(x)
	f(x) = a*exp(-((x-u)/r)**2/2)
fitted parameters initialized with current variable values

iter      chisq       delta/lim  lambda   a             u             r            
   0 6.2427044878e+04   0.00e+00  1.69e+01    3.000000e+01   3.000000e+00   3.000000e+00
  23 6.3702006047e+03  -8.22e-02  1.69e-05    8.673515e+01  -2.227757e+00   1.194908e+00

After 23 iterations the fit converged.
final sum of squares of residuals : 6370.2
rel. change during last iteration : -8.22151e-07

degrees of freedom    (FIT_NDF)                        : 29
rms of residuals      (FIT_STDFIT) = sqrt(WSSR/ndf)    : 14.821
variance of residuals (reduced chisquare) = WSSR/ndf   : 219.662

Final set of parameters            Asymptotic Standard Error
=======================            ==========================
a               = 86.7351          +/- 5.959        (6.87%)
u               = -2.22776         +/- 0.2164       (9.715%)
r               = 1.19491          +/- 0.1926       (16.12%)

correlation matrix of the fit parameters:
                a      u      r      
a               1.000 
u              -0.038  1.000 
r              -0.281 -0.790  1.000 


*******************************************************************************
Fri May 17 23:02:49 2024


FIT:    data read from 'hist.txt'
        format = z
        x range restricted to [-6.00000 : 6.00000]
        #datapoints = 32
        residuals are weighted equally (unit weight)

function used for fitting: f(x)
	f(x) = a*exp(-((x-u)/r)**2/2)
fitted parameters initialized with current variable values

iter      chisq       delta/lim  lambda   a             u             r            
   0 6.2427044878e+04   0.00e+00  1.69e+01    3.000000e+01   3.000000e+00   3.000000e+00
  23 6.3702006047e+03  -8.22e-02  1.69e-05    8.673515e+01  -2.227757e+00   1.194908e+00

After 23 iterations the fit converged.
final sum of squares of residuals : 6370.2
rel. change during last iteration : -8.22151e-07

degrees of freedom    (FIT_NDF)                        : 29
rms of residuals      (FIT_STDFIT) = sqrt(WSSR/ndf)    : 14.821
variance of residuals (reduced chisquare) = WSSR/ndf   : 219.662

Final set of parameters            Asymptotic Standard Error
=======================            ==========================
a               = 86.7351          +/- 5.959        (6.87%)
u               = -2.22776         +/- 0.2164       (9.715%)
r               = 1.19491          +/- 0.1926       (16.12%)

correlation matrix of the fit parameters:
                a      u      r      
a               1.000 
u              -0.038  1.000 
r              -0.281 -0.790  1.000 


*******************************************************************************
Fri May 17 23:17:15 2024


FIT:    data read from 'hist.txt'
        format = z
        x range restricted to [-6.00000 : 6.00000]
        #datapoints = 32
        residuals are weighted equally (unit weight)

function used for fitting: f(x)
	f(x) = a*exp(-((log(x)-u)/r)**2/2)
fitted parameters initialized with current variable values


Current data point
=========================
#               = 15 out of 32
x               = 30             
z               = 20             

Current set of parameters
=========================
a               = 30             
u               = 3              
r               = 3              

BREAK: Undefined value during function evaluation

*******************************************************************************
Fri May 17 23:17:46 2024


FIT:    data read from 'hist.txt'
        format = z
        x range restricted to [-6.00000 : 6.00000]
        #datapoints = 32
        residuals are weighted equally (unit weight)

function used for fitting: f(x)
	f(x) = a*exp(-((log(x)-u)/r)**2/2)
fitted parameters initialized with current variable values


Current data point
=========================
#               = 15 out of 32
x               = 30             
z               = 20             

Current set of parameters
=========================
a               = 30             
u               = 3              
r               = 3              

BREAK: Undefined value during function evaluation

*******************************************************************************
Fri May 17 23:18:06 2024


FIT:    data read from 'hist.txt'
        format = z
        x range restricted to [-6.00000 : 6.00000]
        #datapoints = 32
        residuals are weighted equally (unit weight)

function used for fitting: f(x)
	f(x) = a*exp(-((log(x)-u)/r)**2/2)
fitted parameters initialized with current variable values


Current data point
=========================
#               = 15 out of 32
x               = 100            
z               = 20             

Current set of parameters
=========================
a               = 100            
u               = 50             
r               = 25             

BREAK: Undefined value during function evaluation

*******************************************************************************
Fri May 17 23:18:18 2024


FIT:    data read from 'hist.txt'
        format = z
        x range restricted to [-6.00000 : 6.00000]
        #datapoints = 32
        residuals are weighted equally (unit weight)

function used for fitting: f(x)
	f(x) = a*exp(-(((x)-u)/r)**2/2)
fitted parameters initialized with current variable values

iter      chisq       delta/lim  lambda   a             u             r            
   0 5.2143834364e+04   0.00e+00  4.61e+01    1.000000e+02   5.000000e+01   2.500000e+01
  30 6.3702005429e+03  -1.28e-01  4.61e-04    8.673410e+01  -2.227663e+00   1.194876e+00

After 30 iterations the fit converged.
final sum of squares of residuals : 6370.2
rel. change during last iteration : -1.28191e-06

degrees of freedom    (FIT_NDF)                        : 29
rms of residuals      (FIT_STDFIT) = sqrt(WSSR/ndf)    : 14.821
variance of residuals (reduced chisquare) = WSSR/ndf   : 219.662

Final set of parameters            Asymptotic Standard Error
=======================            ==========================
a               = 86.7341          +/- 5.959        (6.87%)
u               = -2.22766         +/- 0.2164       (9.714%)
r               = 1.19488          +/- 0.1926       (16.12%)

correlation matrix of the fit parameters:
                a      u      r      
a               1.000 
u              -0.038  1.000 
r              -0.281 -0.790  1.000 


*******************************************************************************
Fri May 17 23:22:56 2024


FIT:    data read from 'hist.txt'
        format = z
        x range restricted to [-6.00000 : 6.00000]
        #datapoints = 32
        residuals are weighted equally (unit weight)

function used for fitting: f(x)
	f(x) = a*exp(-((log(x)-u)/r)**2/2)
fitted parameters initialized with current variable values


Current data point
=========================
#               = 15 out of 32
x               = 30             
z               = 20             

Current set of parameters
=========================
a               = 30             
u               = 3              
r               = 3              

BREAK: Undefined value during function evaluation

*******************************************************************************
Fri May 17 23:23:14 2024


FIT:    data read from 'hist.txt'
        format = z
        x range restricted to [-6.00000 : 6.00000]
        #datapoints = 32
        residuals are weighted equally (unit weight)

function used for fitting: f(x)
	f(x) = a*exp(-(((x)-u)/r)**2/2)
fitted parameters initialized with current variable values

iter      chisq       delta/lim  lambda   a             u             r            
   0 6.2427044878e+04   0.00e+00  1.69e+01    3.000000e+01   3.000000e+00   3.000000e+00
  23 6.3702006047e+03  -8.22e-02  1.69e-05    8.673515e+01  -2.227757e+00   1.194908e+00

After 23 iterations the fit converged.
final sum of squares of residuals : 6370.2
rel. change during last iteration : -8.22151e-07

degrees of freedom    (FIT_NDF)                        : 29
rms of residuals      (FIT_STDFIT) = sqrt(WSSR/ndf)    : 14.821
variance of residuals (reduced chisquare) = WSSR/ndf   : 219.662

Final set of parameters            Asymptotic Standard Error
=======================            ==========================
a               = 86.7351          +/- 5.959        (6.87%)
u               = -2.22776         +/- 0.2164       (9.715%)
r               = 1.19491          +/- 0.1926       (16.12%)

correlation matrix of the fit parameters:
                a      u      r      
a               1.000 
u              -0.038  1.000 
r              -0.281 -0.790  1.000 
